<?xml version="1.0" encoding="UTF-8"?>
<!-- Generated by org.testng.reporters.JUnitReportReporter -->
<testsuite hostname="DESKTOP-0THO526" failures="0" tests="1" name="TestWebDriverManager.ManagerCheck" time="34.192" errors="0" timestamp="2022-05-11T23:09:02 IST" skipped="0">
  <testcase classname="TestWebDriverManager.ManagerCheck" name="testData" time="34.192"/>
  <system-out/>
</testsuite> <!-- TestWebDriverManager.ManagerCheck -->
